app/build/intermediates/manifest_merge_blame_file/debug/manifest-merger-blame-debug-report.txt
1<?xml version="1.0" encoding="utf-8"?>
2<manifest xmlns:android="http://schemas.android.com/apk/res/android"
3    package="com.stevecrossin.grocerytracker"
4    android:versionCode="1"
5    android:versionName="1.0" >
6
7    <uses-sdk
8        android:minSdkVersion="16"
8-->src\main\AndroidManifest.xml
9        android:targetSdkVersion="29" />
9-->src\main\AndroidManifest.xml
10
11    <application
11-->src\main\AndroidManifest.xml:5:5-23:19
12        android:allowBackup="true"
12-->src\main\AndroidManifest.xml:6:9-35
13        android:appComponentFactory="androidx.core.app.CoreComponentFactory"
13-->[androidx.core:core:1.1.0] AndroidManifest.xml:24:18-86
14        android:debuggable="true"
15        android:icon="@mipmap/ic_launcher"
15-->src\main\AndroidManifest.xml:7:9-43
16        android:label="@string/app_name"
16-->src\main\AndroidManifest.xml:8:9-41
17        android:roundIcon="@mipmap/ic_launcher_round"
17-->src\main\AndroidManifest.xml:9:9-54
18        android:supportsRtl="true"
18-->src\main\AndroidManifest.xml:10:9-35
19        android:testOnly="true"
20        android:theme="@style/AppTheme" >
20-->src\main\AndroidManifest.xml:11:9-40
21        <activity android:name="com.stevecrossin.grocerytracker.screens.FAQ" />
21-->src\main\AndroidManifest.xml:12:9-58
21-->src\main\AndroidManifest.xml:12:19-46
22        <activity android:name="com.stevecrossin.grocerytracker.screens.About" />
22-->src\main\AndroidManifest.xml:13:9-51
22-->src\main\AndroidManifest.xml:13:19-48
23        <activity android:name="com.stevecrossin.grocerytracker.screens.Login" >
23-->src\main\AndroidManifest.xml:14:9-20:20
23-->src\main\AndroidManifest.xml:14:19-48
24            <intent-filter>
24-->src\main\AndroidManifest.xml:15:13-19:29
25                <action android:name="android.intent.action.MAIN" />
25-->src\main\AndroidManifest.xml:16:17-69
25-->src\main\AndroidManifest.xml:16:25-66
26
27                <category android:name="android.intent.category.LAUNCHER" />
27-->src\main\AndroidManifest.xml:18:17-77
27-->src\main\AndroidManifest.xml:18:27-74
28            </intent-filter>
29        </activity>
30        <activity android:name="com.stevecrossin.grocerytracker.screens.MainActivity" />
30-->src\main\AndroidManifest.xml:21:9-58
30-->src\main\AndroidManifest.xml:21:19-55
31        <activity android:name="com.stevecrossin.grocerytracker.screens.Signup" />
31-->src\main\AndroidManifest.xml:22:9-52
31-->src\main\AndroidManifest.xml:22:19-49
32
33        <service
33-->[androidx.room:room-runtime:2.2.3] AndroidManifest.xml:25:9-27:40
34            android:name="androidx.room.MultiInstanceInvalidationService"
34-->[androidx.room:room-runtime:2.2.3] AndroidManifest.xml:26:13-74
35            android:exported="false" />
35-->[androidx.room:room-runtime:2.2.3] AndroidManifest.xml:27:13-37
36    </application>
37
38</manifest>